2019-08-13 19:27:45,680: INFO: input group name ['newUsers']
2019-08-13 19:27:45,691: INFO: grp.struct_group(gr_name='newUsers', gr_passwd='x', gr_gid=1006, gr_mem=['kait', 'user1', 'user2', 'user3'])
2019-08-13 19:27:45,692: INFO: generating unique users list from group name/(s)
2019-08-13 19:27:45,692: INFO: names of users to be backuped: ['kait' 'user1' 'user2' 'user3']
2019-08-13 19:27:47,983: INFO: back up permission granted 0
2019-08-13 19:27:51,335: INFO: get target directory name from terminal
2019-08-13 19:27:53,615: INFO: starting backup of kait
2019-08-13 19:27:53,678: INFO: backup kait files to an archive directory failed
2019-08-13 19:27:53,679: WARNING: exit status = 1
2019-08-13 19:27:53,679: INFO: starting backup of user1
2019-08-13 19:27:53,735: INFO: backup user1 files to an archive directory failed
2019-08-13 19:27:53,736: WARNING: exit status = 1
2019-08-13 19:27:53,736: INFO: starting backup of user2
2019-08-13 19:27:53,750: INFO: backup user2 files to an archive directory failed
2019-08-13 19:27:53,750: WARNING: exit status = 1
2019-08-13 19:27:53,751: INFO: starting backup of user3
2019-08-13 19:27:53,761: INFO: backup user3 files to an archive directory failed
2019-08-13 19:27:53,762: WARNING: exit status = 1
2019-08-13 20:04:28,579: INFO: input group name ['newUsers']
2019-08-13 20:04:28,603: INFO: grp.struct_group(gr_name='newUsers', gr_passwd='x', gr_gid=1006, gr_mem=['kait', 'user1', 'user2', 'user3'])
2019-08-13 20:04:28,604: INFO: generating unique users list from group name/(s)
2019-08-13 20:04:28,605: INFO: names of users to be backuped: ['kait' 'user1' 'user2' 'user3']
2019-08-13 20:04:37,084: ERROR: enter yes or no to confirm back up permission
2019-08-13 20:04:45,620: INFO: back up permission granted 0
2019-08-13 20:04:55,671: INFO: get target directory name from terminal
2019-08-13 20:04:58,545: INFO: starting backup of kait
2019-08-13 20:04:58,567: INFO: backup kait files to an archive directory failed
2019-08-13 20:04:58,567: WARNING: exit status = 1
2019-08-13 20:04:58,567: INFO: starting backup of user1
2019-08-13 20:04:58,574: INFO: backup user1 files to an archive directory failed
2019-08-13 20:04:58,574: WARNING: exit status = 1
2019-08-13 20:04:58,574: INFO: starting backup of user2
2019-08-13 20:04:58,581: INFO: backup user2 files to an archive directory failed
2019-08-13 20:04:58,582: WARNING: exit status = 1
2019-08-13 20:04:58,582: INFO: starting backup of user3
2019-08-13 20:04:58,587: INFO: backup user3 files to an archive directory failed
2019-08-13 20:04:58,588: WARNING: exit status = 1
